# $1: num_calls
# $2: elapsed_time_from_last_call
# $3: elapsed_time_from_start

1 0.004767133001223556 0.004767133001223556 
2 8.643199907965027e-05 0.004853565000303206 
3 4.74560001748614e-05 0.0049010210004780674 
4 0.002345610000702436 0.0072466310011805035 
5 6.152399873826653e-05 0.00730815499991877 
6 0.00019824900118692312 0.007506404001105693 
7 6.290999954217114e-05 0.007569314000647864 
8 0.00015128400082176086 0.007720598001469625 
9 5.568399865296669e-05 0.007776282000122592 
10 0.00011005200030922424 0.007886334000431816 
11 4.2363000829936936e-05 0.007928697001261753 
12 9.643900011724327e-05 0.008025136001378996 
13 9.396599853062071e-05 0.008119101999909617 
14 4.671100032282993e-05 0.008165813000232447 
15 0.00010207400009676348 0.00826788700032921 
16 4.0336000893148594e-05 0.008308223001222359 
17 0.00010106599984283093 0.00840928900106519 
18 3.910200030077249e-05 0.008448391001365962 
19 9.264700020139571e-05 0.008541038001567358 
20 4.119899858778808e-05 0.008582237000155146 
21 0.0002096860007441137 0.00879192300089926 
22 9.261500053980853e-05 0.008884538001439068 
23 4.3957999878330156e-05 0.008928496001317399 
24 8.693599920661654e-05 0.009015432000524015 
25 4.001700108346995e-05 0.009055449001607485 
26 8.56749993545236e-05 0.009141124000962009 
27 4.1154000427923165e-05 0.009182278001389932 
28 8.592999984102789e-05 0.00926820800123096 
29 4.058199920109473e-05 0.009308790000432055 
30 0.00011416500092309434 0.009422955001355149 
31 3.3159998565679416e-05 0.009456114999920828 
32 7.372400068561547e-05 0.009529839000606444 
33 3.3169000744237565e-05 0.009563008001350681 
34 7.281399848579895e-05 0.00963582199983648 
35 3.282700163254049e-05 0.00966864900146902 
36 7.204999928944744e-05 0.009740699000758468 
37 3.389199991943315e-05 0.009774591000677901 
38 7.787799950165208e-05 0.009852469000179553 
39 3.4099000913556665e-05 0.00988656800109311 
40 7.385299977613613e-05 0.009960421000869246 
41 9.768500058271457e-05 0.01005810600145196 
42 8.814600005280226e-05 0.010146252001504763 
43 3.459299841779284e-05 0.010180844999922556 
44 7.385700155282393e-05 0.01025470200147538 
45 3.317399932711851e-05 0.010287876000802498 
46 7.92419996287208e-05 0.010367118000431219 
47 3.315499998279847e-05 0.010400273000414018 
48 7.129200093913823e-05 0.010471565001353156 
49 3.259899858676363e-05 0.01050416399993992 
50 7.17230013833614e-05 0.01057588700132328 
51 3.363399991940241e-05 0.010609521001242683 
52 7.253199873957783e-05 0.010682052999982261 
53 3.354700129420962e-05 0.01071560000127647 
54 7.283999912033323e-05 0.010788440000396804 
55 3.314300010970328e-05 0.010821583000506507 
56 7.034699956420809e-05 0.010891930000070715 
57 3.279200063843746e-05 0.010924722000709153 
58 7.109299986041151e-05 0.010995815000569564 
59 3.3108000934589654e-05 0.011028923001504154 
60 7.132700011425186e-05 0.011100250001618406 
61 9.039599899551831e-05 0.011190646000613924 
62 8.570399950258434e-05 0.011276350000116508 
63 3.482000101939775e-05 0.011311170001135906 
64 7.539999933214858e-05 0.011386570000468055 
65 3.584400110412389e-05 0.011422414001572179 
66 7.63059997552773e-05 0.011498720001327456 
67 3.353099964442663e-05 0.011532251000971883 
68 0.0001050020000548102 0.011637253001026693 
69 3.3958000130951405e-05 0.011671211001157644 
70 9.801699889067095e-05 0.011769228000048315 
71 6.197299990162719e-05 0.011831200999949942 
72 9.007800144900102e-05 0.011921279001398943 
73 3.638099951785989e-05 0.011957660000916803 
74 7.639400064363144e-05 0.012034054001560435 
75 3.402599941182416e-05 0.012068080000972259 
76 7.415899926854763e-05 0.012142239000240806 
77 3.477800055406988e-05 0.012177017000794876 
78 8.247900041169487e-05 0.012259496001206571 
79 3.512399962346535e-05 0.012294620000830037 
80 0.0008937210004660301 0.013188341001296067 
81 0.001109733999328455 0.014298075000624522 
82 0.0006016759998601628 0.014899751000484684 
83 0.0002995430004375521 0.015199294000922237 
84 0.0001621249994059326 0.01536141900032817 
85 0.00012111100113543216 0.015482530001463601 
86 0.00020877299903077073 0.015691303000494372 
87 0.0002472539999871515 0.015938557000481524 
88 0.00017506900076114107 0.016113626001242665 
89 0.0002711529996304307 0.016384779000873095 
90 0.0002855950006050989 0.016670374001478194 
91 0.00036701399949379265 0.017037388000971987 
92 0.00017355099953419995 0.017210939000506187 
93 0.00011624999933701474 0.0173271889998432 
94 0.00022361400078807492 0.017550803000631277 
95 0.00016375300037907436 0.01771455600101035 
96 0.0002005480000661919 0.017915104001076543 
97 0.00017853499957709573 0.01809363900065364 
98 0.0001309140006924281 0.018224553001346067 
99 0.00019041799896513112 0.018414971000311198 
100 0.0004868600008194335 0.01890183100113063 
101 0.000397218000216526 0.019299049001347157 
102 0.0002601369997137226 0.01955918600106088 
103 0.00027218700051889755 0.019831373001579777 
104 0.00020692899852292612 0.020038302000102703 
105 0.00028753100014000665 0.02032583300024271 
106 0.00028032600130245555 0.020606159001545166 
107 0.00023945299835759215 0.020845611999902758 
108 0.0001515359999757493 0.020997147999878507 
109 0.00026765700022224337 0.02126480500010075 
110 0.0002372880007897038 0.021502093000890454 
111 0.0003158229992550332 0.021817916000145487 
112 0.00029426200126181357 0.0221121780014073 
113 0.00023517599947808776 0.02234735400088539 
114 0.00032587299938313663 0.022673227000268525 
115 0.0003554659997462295 0.023028693000014755 
116 0.00028379100149322767 0.023312484001507983 
117 0.00017570699856150895 0.02348819100006949 
118 0.00013684400073543657 0.023625035000804928 
119 0.00019341599909239449 0.023818450999897323 
